-------------------------------------------------------------------------------
Test set: com.nuevospa.tasks.infrastructure.adapter.in.rest.TaskControllerTest
-------------------------------------------------------------------------------
Tests run: 6, Failures: 2, Errors: 0, Skipped: 0, Time elapsed: 1.617 s <<< FAILURE! -- in com.nuevospa.tasks.infrastructure.adapter.in.rest.TaskControllerTest
com.nuevospa.tasks.infrastructure.adapter.in.rest.TaskControllerTest.shouldCreateTask -- Time elapsed: 0.008 s <<< FAILURE!
java.lang.AssertionError: Status expected:<201> but was:<403>
	at org.springframework.test.util.AssertionErrors.fail(AssertionErrors.java:59)
	at org.springframework.test.util.AssertionErrors.assertEquals(AssertionErrors.java:122)
	at org.springframework.test.web.servlet.result.StatusResultMatchers.lambda$matcher$9(StatusResultMatchers.java:637)
	at org.springframework.test.web.servlet.MockMvc$1.andExpect(MockMvc.java:214)
	at com.nuevospa.tasks.infrastructure.adapter.in.rest.TaskControllerTest.shouldCreateTask(TaskControllerTest.java:104)
	at java.base/java.lang.reflect.Method.invoke(Method.java:580)
	at java.base/java.util.ArrayList.forEach(ArrayList.java:1596)
	at java.base/java.util.ArrayList.forEach(ArrayList.java:1596)

com.nuevospa.tasks.infrastructure.adapter.in.rest.TaskControllerTest.shouldDeleteTask -- Time elapsed: 0.004 s <<< FAILURE!
java.lang.AssertionError: Status expected:<204> but was:<403>
	at org.springframework.test.util.AssertionErrors.fail(AssertionErrors.java:59)
	at org.springframework.test.util.AssertionErrors.assertEquals(AssertionErrors.java:122)
	at org.springframework.test.web.servlet.result.StatusResultMatchers.lambda$matcher$9(StatusResultMatchers.java:637)
	at org.springframework.test.web.servlet.MockMvc$1.andExpect(MockMvc.java:214)
	at com.nuevospa.tasks.infrastructure.adapter.in.rest.TaskControllerTest.shouldDeleteTask(TaskControllerTest.java:114)
	at java.base/java.lang.reflect.Method.invoke(Method.java:580)
	at java.base/java.util.ArrayList.forEach(ArrayList.java:1596)
	at java.base/java.util.ArrayList.forEach(ArrayList.java:1596)

